2022-05-07 21:06:15.768  INFO 23289 --- [restartedMain] c.s.monkeys.app.AppApplication           : Starting AppApplication using Java 11.0.14.1 on Patricks-MBP.lan with PID 23289 (/Users/palwell/Development/uci-266p-bank-app/target/classes started by palwell in /Users/palwell/Development/uci-266p-bank-app)
2022-05-07 21:06:15.771  INFO 23289 --- [restartedMain] c.s.monkeys.app.AppApplication           : No active profile set, falling back to default profiles: default
2022-05-07 21:06:15.944  INFO 23289 --- [restartedMain] .e.DevToolsPropertyDefaultsPostProcessor : Devtools property defaults active! Set 'spring.devtools.add-properties' to 'false' to disable
2022-05-07 21:06:15.945  INFO 23289 --- [restartedMain] .e.DevToolsPropertyDefaultsPostProcessor : For additional web related logging consider setting the 'logging.level.web' property to 'DEBUG'
2022-05-07 21:06:17.822  INFO 23289 --- [restartedMain] .s.d.r.c.RepositoryConfigurationDelegate : Bootstrapping Spring Data JPA repositories in DEFAULT mode.
2022-05-07 21:06:17.946  INFO 23289 --- [restartedMain] .s.d.r.c.RepositoryConfigurationDelegate : Finished Spring Data repository scanning in 101 ms. Found 2 JPA repository interfaces.
2022-05-07 21:06:19.212  INFO 23289 --- [restartedMain] o.s.b.w.embedded.tomcat.TomcatWebServer  : Tomcat initialized with port(s): 8080 (http)
2022-05-07 21:06:19.236  INFO 23289 --- [restartedMain] o.apache.catalina.core.StandardService   : Starting service [Tomcat]
2022-05-07 21:06:19.237  INFO 23289 --- [restartedMain] org.apache.catalina.core.StandardEngine  : Starting Servlet engine: [Apache Tomcat/9.0.53]
2022-05-07 21:06:19.365  INFO 23289 --- [restartedMain] o.a.c.c.C.[Tomcat].[localhost].[/]       : Initializing Spring embedded WebApplicationContext
2022-05-07 21:06:19.366  INFO 23289 --- [restartedMain] w.s.c.ServletWebServerApplicationContext : Root WebApplicationContext: initialization completed in 3420 ms
2022-05-07 21:06:19.603  INFO 23289 --- [restartedMain] com.zaxxer.hikari.HikariDataSource       : HikariPool-1 - Starting...
2022-05-07 21:06:20.109  INFO 23289 --- [restartedMain] com.zaxxer.hikari.HikariDataSource       : HikariPool-1 - Start completed.
2022-05-07 21:06:20.124  INFO 23289 --- [restartedMain] o.s.b.a.h2.H2ConsoleAutoConfiguration    : H2 console available at '/h2-console'. Database available at 'jdbc:h2:mem:bc097fe6-3a1a-4830-8981-f9f996a052f1'
2022-05-07 21:06:20.591  INFO 23289 --- [restartedMain] o.hibernate.jpa.internal.util.LogHelper  : HHH000204: Processing PersistenceUnitInfo [name: default]
2022-05-07 21:06:20.732  INFO 23289 --- [restartedMain] org.hibernate.Version                    : HHH000412: Hibernate ORM core version 5.4.32.Final
2022-05-07 21:06:21.183  INFO 23289 --- [restartedMain] o.hibernate.annotations.common.Version   : HCANN000001: Hibernate Commons Annotations {5.1.2.Final}
2022-05-07 21:06:21.548  INFO 23289 --- [restartedMain] org.hibernate.dialect.Dialect            : HHH000400: Using dialect: org.hibernate.dialect.H2Dialect
2022-05-07 21:06:23.138  INFO 23289 --- [restartedMain] o.h.e.t.j.p.i.JtaPlatformInitiator       : HHH000490: Using JtaPlatform implementation: [org.hibernate.engine.transaction.jta.platform.internal.NoJtaPlatform]
2022-05-07 21:06:23.155  INFO 23289 --- [restartedMain] j.LocalContainerEntityManagerFactoryBean : Initialized JPA EntityManagerFactory for persistence unit 'default'
2022-05-07 21:06:23.245  WARN 23289 --- [restartedMain] JpaBaseConfiguration$JpaWebConfiguration : spring.jpa.open-in-view is enabled by default. Therefore, database queries may be performed during view rendering. Explicitly configure spring.jpa.open-in-view to disable this warning
2022-05-07 21:06:24.221  INFO 23289 --- [restartedMain] o.s.s.web.DefaultSecurityFilterChain     : Will secure any request with [org.springframework.security.web.context.request.async.WebAsyncManagerIntegrationFilter@76958cc9, org.springframework.security.web.context.SecurityContextPersistenceFilter@12523579, org.springframework.security.web.header.HeaderWriterFilter@314861be, org.springframework.security.web.csrf.CsrfFilter@17cb6d1d, org.springframework.security.web.authentication.logout.LogoutFilter@6dee0f0f, org.springframework.security.web.authentication.UsernamePasswordAuthenticationFilter@3481651f, org.springframework.security.web.savedrequest.RequestCacheAwareFilter@6e54af1b, org.springframework.security.web.servletapi.SecurityContextHolderAwareRequestFilter@4b7b7ea0, org.springframework.security.web.authentication.AnonymousAuthenticationFilter@5c932f0e, org.springframework.security.web.session.SessionManagementFilter@2fa34f28, org.springframework.security.web.access.ExceptionTranslationFilter@279c3da1, org.springframework.security.web.access.intercept.FilterSecurityInterceptor@248fd851]
2022-05-07 21:06:25.251  INFO 23289 --- [restartedMain] o.s.b.d.a.OptionalLiveReloadServer       : LiveReload server is running on port 35729
2022-05-07 21:06:25.268  INFO 23289 --- [restartedMain] o.s.b.a.e.web.EndpointLinksResolver      : Exposing 15 endpoint(s) beneath base path '/actuator'
2022-05-07 21:06:25.375  WARN 23289 --- [restartedMain] ConfigServletWebServerApplicationContext : Exception encountered during context initialization - cancelling refresh attempt: org.springframework.context.ApplicationContextException: Failed to start bean 'webServerStartStop'; nested exception is org.springframework.boot.web.server.PortInUseException: Port 8080 is already in use
2022-05-07 21:06:25.380  INFO 23289 --- [restartedMain] j.LocalContainerEntityManagerFactoryBean : Closing JPA EntityManagerFactory for persistence unit 'default'
2022-05-07 21:06:25.381  INFO 23289 --- [restartedMain] .SchemaDropperImpl$DelayedDropActionImpl : HHH000477: Starting delayed evictData of schema as part of SessionFactory shut-down'
2022-05-07 21:06:25.615  WARN 23289 --- [restartedMain] o.s.b.f.support.DisposableBeanAdapter    : Invocation of destroy method failed on bean with name 'inMemoryDatabaseShutdownExecutor': org.h2.jdbc.JdbcSQLNonTransientConnectionException: Database is already closed (to disable automatic closing at VM shutdown, add ";DB_CLOSE_ON_EXIT=FALSE" to the db URL) [90121-200]
2022-05-07 21:06:25.616  INFO 23289 --- [restartedMain] com.zaxxer.hikari.HikariDataSource       : HikariPool-1 - Shutdown initiated...
2022-05-07 21:06:25.622  INFO 23289 --- [restartedMain] com.zaxxer.hikari.HikariDataSource       : HikariPool-1 - Shutdown completed.
2022-05-07 21:06:25.630  INFO 23289 --- [restartedMain] o.apache.catalina.core.StandardService   : Stopping service [Tomcat]
2022-05-07 21:06:25.664  INFO 23289 --- [restartedMain] ConditionEvaluationReportLoggingListener : 

Error starting ApplicationContext. To display the conditions report re-run your application with 'debug' enabled.
2022-05-07 21:06:25.684 ERROR 23289 --- [restartedMain] o.s.b.d.LoggingFailureAnalysisReporter   : 

***************************
APPLICATION FAILED TO START
***************************

Description:

Web server failed to start. Port 8080 was already in use.

Action:

Identify and stop the process that's listening on port 8080 or configure this application to listen on another port.

